2021-04-09 17:26:05 [Back-end] info: 2048 PORT - server
2021-04-09 17:26:05 [Back-end] info: GET /
2021-04-09 17:27:05 [Back-end] info: 2048 PORT - server
2021-04-09 17:27:05 [Back-end] info: GET /
2021-04-09 17:35:05 [Back-end] info: 2048 PORT - server
2021-04-09 17:35:05 [Back-end] info: GET /
2021-04-09 17:35:05 [Back-end] info: GET /
2021-04-09 17:35:05 [Back-end] info: GET /
2021-04-09 17:40:05 [Back-end] info: 2048 PORT - server
2021-04-09 17:40:05 [Back-end] info: GET /
2021-04-09 17:40:05 [Back-end] info: GET /
2021-04-09 17:42:05 [Back-end] info: 2048 PORT - server
2021-04-09 17:42:05 [Back-end] info: GET /
2021-04-09 17:44:05 [Back-end] info: 2048 PORT - server
2021-04-09 17:45:05 [Back-end] info: GET /
2021-04-09 17:45:05 [Back-end] info: GET /
2021-04-09 17:45:05 [Back-end] info: GET /
2021-04-09 17:45:05 [Back-end] info: GET /
2021-04-09 17:45:05 [Back-end] info: GET /
2021-04-09 17:45:05 [Back-end] info: 2048 PORT - server
2021-04-09 17:45:05 [Back-end] info: GET /
2021-04-09 17:45:05 [Back-end] info: 2048 PORT - server
2021-04-09 17:45:05 [Back-end] info: GET /
2021-04-09 17:46:05 [Back-end] info: 2048 PORT - server
2021-04-09 17:46:05 [Back-end] info: GET /
2021-04-09 17:46:05 [Back-end] info: GET /
2021-04-09 17:46:05 [Back-end] info: GET /
2021-04-09 17:46:05 [Back-end] info: 2048 PORT - server
2021-04-09 17:46:05 [Back-end] info: GET /
2021-04-09 17:47:05 [Back-end] info: 2048 PORT - server
2021-04-09 17:47:05 [Back-end] info: 2048 PORT - server
2021-04-09 17:47:05 [Back-end] info: GET /
2021-04-09 17:48:05 [Back-end] info: 2048 PORT - server
2021-04-09 17:48:05 [Back-end] info: 2048 PORT - server
2021-04-09 17:49:05 [Back-end] info: GET /
2021-04-09 17:50:05 [Back-end] info: 2048 PORT - server
2021-04-09 19:49:05 [Back-end] info: 2048 PORT - server
2021-04-09 19:49:05 [Back-end] info: GET /
2021-04-09 19:50:05 [Back-end] info: 2048 PORT - server
2021-04-09 19:50:05 [Back-end] info: GET /
2021-04-09 19:50:05 [Back-end] info: 2048 PORT - server
2021-04-09 19:50:05 [Back-end] info: GET /
2021-04-09 19:50:05 [Back-end] info: GET /
2021-04-09 19:57:05 [Back-end] info: 2048 PORT - server
2021-04-09 19:57:05 [Back-end] info: GET /
2021-04-09 20:08:05 [Back-end] info: 2048 PORT - server
2021-04-14 15:36:03 [Back-end] info: 2048 PORT - server
2021-04-14 15:36:03 [Back-end] info: 2048 PORT - server
2021-04-14 15:36:03 [Back-end] info: GET /
2021-04-14 17:31:03 [Back-end] info: 2048 PORT - server
2021-04-14 17:32:03 [Back-end] info: 2048 PORT - server
2021-04-14 17:32:03 [Back-end] info: 2048 PORT - server
2021-04-14 17:33:03 [Back-end] info: GET /
2021-04-14 17:36:03 [Back-end] info: 2048 PORT - server
2021-04-14 17:36:03 [Back-end] info: 2048 PORT - server
2021-04-14 17:36:03 [Back-end] info: GET /
2021-04-14 17:37:03 [Back-end] info: 2048 PORT - server
2021-04-14 17:37:03 [Back-end] info: 2048 PORT - server
2021-04-14 17:37:03 [Back-end] info: 2048 PORT - server
2021-04-14 17:38:03 [Back-end] info: GET /
2021-04-14 17:38:03 [Back-end] info: GET /
2021-04-14 17:38:03 [Back-end] info: GET /
2021-04-14 17:38:03 [Back-end] info: GET /
2021-04-14 17:38:03 [Back-end] info: GET /
2021-04-14 17:38:03 [Back-end] info: GET /
2021-04-14 17:38:03 [Back-end] info: GET /
2021-04-14 17:38:03 [Back-end] info: 2048 PORT - server
2021-04-14 17:38:03 [Back-end] info: 2048 PORT - server
2021-04-14 17:38:03 [Back-end] info: GET /
2021-04-14 18:48:03 [Back-end] info: 2048 PORT - server
2021-04-14 18:48:03 [Back-end] info: GET /
2021-04-14 19:30:03 [Back-end] info: 2048 PORT - server
2021-04-14 19:30:03 [Back-end] info: GET /
2021-04-14 19:30:03 [Back-end] info: GET /
2021-04-14 19:30:03 [Back-end] info: GET /
2021-04-14 19:30:03 [Back-end] info: GET /
2021-04-14 19:30:03 [Back-end] info: GET /
2021-04-14 19:30:03 [Back-end] info: GET /
2021-04-14 20:08:03 [Back-end] info: 2048 PORT - server
2021-04-14 20:11:03 [Back-end] info: 2048 PORT - server
2021-04-14 20:11:03 [Back-end] info: GET /
2021-04-14 20:11:03 [Back-end] info: GET /
2021-04-14 20:12:03 [Back-end] info: 2048 PORT - server
2021-04-14 20:12:03 [Back-end] info: GET /
2021-04-14 20:12:03 [Back-end] info: GET /
2021-04-14 20:29:03 [Back-end] info: 2048 PORT - server
2021-04-14 20:29:03 [Back-end] info: 2048 PORT - server
2021-04-14 20:29:03 [Back-end] info: 2048 PORT - server
2021-04-14 20:29:03 [Back-end] info: 2048 PORT - server
2021-04-14 20:29:03 [Back-end] info: 2048 PORT - server
2021-04-14 20:29:03 [Back-end] info: GET /
2021-04-14 20:31:03 [Back-end] info: 2048 PORT - server
2021-04-14 20:32:03 [Back-end] info: 2048 PORT - server
2021-04-14 20:32:03 [Back-end] info: 2048 PORT - server
2021-04-14 20:32:03 [Back-end] info: GET /
2021-04-14 20:33:03 [Back-end] info: GET /
2021-04-14 20:33:03 [Back-end] info: GET /
2021-04-14 20:33:03 [Back-end] info: GET /
2021-04-14 20:34:03 [Back-end] info: 2048 PORT - server
2021-04-14 20:34:03 [Back-end] info: GET /
2021-04-14 20:43:03 [Back-end] info: 2048 PORT - server
2021-04-14 20:43:03 [Back-end] info: GET /
2021-04-14 20:54:03 [Back-end] info: 2048 PORT - server
2021-04-14 20:54:03 [Back-end] info: 2048 PORT - server
2021-04-14 20:57:03 [Back-end] info: 2048 PORT - server
2021-04-14 20:59:03 [Back-end] info: 2048 PORT - server
2021-04-14 20:59:03 [Back-end] info: 2048 PORT - server
2021-04-14 20:59:03 [Back-end] info: GET /
2021-04-14 20:59:03 [Back-end] info: GET /
2021-04-14 21:00:03 [Back-end] info: GET /
2021-04-14 21:00:03 [Back-end] info: 2048 PORT - server
2021-04-14 21:01:03 [Back-end] info: GET /
2021-04-14 21:01:03 [Back-end] info: GET /
2021-04-14 21:01:03 [Back-end] info: GET /
2021-04-14 21:01:03 [Back-end] info: GET /
2021-04-14 21:01:03 [Back-end] info: GET /
2021-04-14 21:01:03 [Back-end] info: GET /
2021-04-14 21:03:03 [Back-end] info: GET /
2021-04-14 21:03:03 [Back-end] info: GET /
2021-04-14 21:03:03 [Back-end] info: GET /
2021-04-14 21:03:03 [Back-end] info: GET /
2021-04-14 21:03:03 [Back-end] info: GET /
2021-04-14 21:04:03 [Back-end] info: 2048 PORT - server
2021-04-14 21:04:03 [Back-end] info: GET /
2021-04-14 21:04:03 [Back-end] info: GET /
2021-04-14 21:04:03 [Back-end] info: GET /
2021-04-14 21:04:03 [Back-end] info: GET /
2021-04-14 21:04:03 [Back-end] info: GET /
2021-04-14 21:04:03 [Back-end] info: GET /
2021-04-14 21:07:03 [Back-end] info: GET /
2021-04-14 21:07:03 [Back-end] info: GET /
2021-04-14 21:07:03 [Back-end] info: GET /
2021-04-14 21:07:03 [Back-end] info: GET /
2021-04-14 21:07:03 [Back-end] info: GET /
2021-04-14 21:07:03 [Back-end] info: GET /
2021-04-14 21:07:03 [Back-end] info: GET /
2021-04-14 21:07:03 [Back-end] info: GET /
2021-04-14 21:07:03 [Back-end] info: GET /
2021-04-14 21:07:03 [Back-end] info: GET /
2021-04-14 21:08:03 [Back-end] info: GET /
2021-04-14 21:08:03 [Back-end] info: GET /
2021-04-14 21:08:03 [Back-end] info: 2048 PORT - server
2021-04-14 21:08:03 [Back-end] info: GET /
2021-04-14 21:09:03 [Back-end] info: 2048 PORT - server
2021-04-14 21:13:03 [Back-end] info: 2048 PORT - server
2021-04-14 21:15:03 [Back-end] info: 2048 PORT - server
2021-04-14 21:17:03 [Back-end] info: 2048 PORT - server
2021-04-14 21:17:03 [Back-end] info: GET /
2021-04-14 21:17:03 [Back-end] info: GET /
2021-04-14 21:17:03 [Back-end] info: GET /
2021-04-14 21:17:03 [Back-end] info: GET /
2021-04-14 21:17:03 [Back-end] info: GET /
2021-04-14 21:17:03 [Back-end] info: GET /
2021-04-14 21:17:03 [Back-end] info: GET /
2021-04-14 21:17:03 [Back-end] info: GET /
2021-04-14 21:17:03 [Back-end] info: GET /
2021-04-14 21:17:03 [Back-end] info: GET /
2021-04-14 21:17:03 [Back-end] info: GET /
2021-04-14 21:17:03 [Back-end] info: GET /
2021-04-15 19:09:04 [Back-end] info: 2048 PORT - server
2021-04-15 19:10:04 [Back-end] info: GET /
2021-04-15 19:10:04 [Back-end] info: GET /
2021-04-15 19:11:04 [Back-end] info: GET /
2021-04-15 19:16:04 [Back-end] info: 2048 PORT - server
2021-04-15 19:16:04 [Back-end] info: GET /
2021-04-15 19:16:04 [Back-end] info: GET /
2021-04-15 19:16:04 [Back-end] info: GET /
2021-04-15 19:16:04 [Back-end] info: GET /
2021-04-15 19:16:04 [Back-end] info: GET /
2021-04-15 19:16:04 [Back-end] info: GET /
2021-04-15 19:17:04 [Back-end] info: 2048 PORT - server
2021-04-15 19:17:04 [Back-end] info: GET /
2021-04-15 19:17:04 [Back-end] info: GET /
2021-04-15 19:17:04 [Back-end] info: GET /
2021-04-15 19:17:04 [Back-end] info: GET /
2021-04-15 19:17:04 [Back-end] info: GET /
2021-04-15 19:24:04 [Back-end] info: 2048 PORT - server
2021-04-15 19:29:04 [Back-end] info: 2048 PORT - server
2021-04-15 19:31:04 [Back-end] info: 2048 PORT - server
2021-04-15 19:32:04 [Back-end] info: 2048 PORT - server
2021-04-15 19:44:04 [Back-end] info: 2048 PORT - server
2021-04-15 19:44:04 [Back-end] info: GET /
2021-04-15 19:44:04 [Back-end] info: GET /
2021-04-15 19:44:04 [Back-end] info: GET /
2021-04-15 19:46:04 [Back-end] info: 2048 PORT - server
2021-04-15 19:46:04 [Back-end] info: 2048 PORT - server
2021-04-15 19:46:04 [Back-end] info: GET /
2021-04-15 19:47:04 [Back-end] info: 2048 PORT - server
2021-04-15 19:47:04 [Back-end] info: GET /
2021-04-15 19:47:04 [Back-end] info: 2048 PORT - server
2021-04-15 19:48:04 [Back-end] info: 2048 PORT - server
2021-04-15 19:48:04 [Back-end] info: GET /
2021-04-15 19:49:04 [Back-end] info: 2048 PORT - server
2021-04-15 19:49:04 [Back-end] info: 2048 PORT - server
2021-04-15 19:51:04 [Back-end] info: 2048 PORT - server
2021-04-15 19:51:04 [Back-end] info: 2048 PORT - server
2021-04-15 19:51:04 [Back-end] info: GET /
2021-04-15 19:51:04 [Back-end] info: POST / 200 res: undefined 
2021-04-15 19:54:04 [Back-end] info: 2048 PORT - server
2021-04-15 19:54:04 [Back-end] info: GET /
2021-04-15 19:54:04 [Back-end] info: POST / 200 res: undefined 
2021-04-15 19:58:04 [Back-end] info: 2048 PORT - server
2021-04-15 19:58:04 [Back-end] info: GET /
2021-04-15 19:58:04 [Back-end] info: POST / 200 res: undefined 
2021-04-15 20:01:04 [Back-end] info: 2048 PORT - server
2021-04-15 20:01:04 [Back-end] info: GET /
2021-04-15 20:01:04 [Back-end] info: POST / 200 res: undefined 
2021-04-15 20:02:04 [Back-end] info: 2048 PORT - server
2021-04-15 20:02:04 [Back-end] info: GET /
2021-04-15 20:02:04 [Back-end] info: POST / 200 res: undefined 
2021-04-15 20:04:04 [Back-end] info: 2048 PORT - server
2021-04-15 20:04:04 [Back-end] info: GET /
2021-04-15 20:04:04 [Back-end] info: POST / 200 res: undefined 
2021-04-15 20:04:04 [Back-end] info: 2048 PORT - server
2021-04-15 20:05:04 [Back-end] info: GET /
2021-04-15 20:05:04 [Back-end] info: POST / 200 res: undefined 
2021-04-15 20:05:04 [Back-end] info: 2048 PORT - server
2021-04-15 20:05:04 [Back-end] info: GET /
2021-04-15 20:05:04 [Back-end] info: POST / 200 res: undefined 
2021-04-15 20:07:04 [Back-end] info: 2048 PORT - server
2021-04-15 20:07:04 [Back-end] info: GET /
2021-04-15 20:07:04 [Back-end] info: POST / 200 res: undefined 
2021-04-15 20:07:04 [Back-end] info: 2048 PORT - server
2021-04-15 20:07:04 [Back-end] info: GET /
2021-04-15 20:07:04 [Back-end] info: POST / 200 res: undefined 
2021-04-15 20:11:04 [Back-end] info: 2048 PORT - server
2021-04-15 20:12:04 [Back-end] info: GET /
2021-04-15 20:12:04 [Back-end] info: POST / 200 res: undefined 
2021-04-15 20:12:04 [Back-end] info: 2048 PORT - server
2021-04-15 20:12:04 [Back-end] info: GET /
2021-04-15 20:12:04 [Back-end] info: POST / 200 res: undefined 
2021-04-15 20:13:04 [Back-end] info: 2048 PORT - server
2021-04-15 20:13:04 [Back-end] info: GET /
2021-04-15 20:13:04 [Back-end] info: POST / 200 res: undefined 
2021-04-15 20:14:04 [Back-end] info: 2048 PORT - server
2021-04-15 20:14:04 [Back-end] info: GET /
2021-04-15 20:14:04 [Back-end] info: POST / 200 res: undefined 
2021-04-15 20:15:04 [Back-end] info: 2048 PORT - server
2021-04-15 20:15:04 [Back-end] info: GET /
2021-04-15 20:15:04 [Back-end] info: POST / 200 res: undefined 
2021-04-15 20:15:04 [Back-end] info: GET /
2021-04-15 20:15:04 [Back-end] info: POST / 200 res: undefined 
2021-04-15 20:15:04 [Back-end] info: 2048 PORT - server
2021-04-15 20:15:04 [Back-end] info: GET /
2021-04-15 20:15:04 [Back-end] info: POST / 200 res: undefined 
2021-04-15 20:17:04 [Back-end] info: 2048 PORT - server
2021-04-15 20:17:04 [Back-end] info: GET /
2021-04-15 20:17:04 [Back-end] info: POST / 200 res: undefined 
2021-04-15 20:17:04 [Back-end] info: 2048 PORT - server
2021-04-15 20:17:04 [Back-end] info: GET /
2021-04-15 20:18:04 [Back-end] info: POST / 200 res: undefined 
2021-04-15 20:18:04 [Back-end] info: GET /
2021-04-15 20:18:04 [Back-end] info: POST / 200 res: undefined 
2021-04-15 20:19:04 [Back-end] info: 2048 PORT - server
2021-04-15 20:19:04 [Back-end] info: GET /
2021-04-15 20:19:04 [Back-end] info: POST / 200 res: undefined 
2021-04-15 20:20:04 [Back-end] info: 2048 PORT - server
2021-04-15 20:20:04 [Back-end] info: GET /
2021-04-15 20:20:04 [Back-end] info: POST / 200 res: undefined 
2021-04-15 20:20:04 [Back-end] info: 2048 PORT - server
2021-04-15 20:20:04 [Back-end] info: GET /
2021-04-15 20:20:04 [Back-end] info: POST / 200 res: undefined 
2021-04-15 20:20:04 [Back-end] info: GET /
2021-04-15 20:20:04 [Back-end] info: POST / 200 res: undefined 
2021-04-15 20:21:04 [Back-end] info: 2048 PORT - server
2021-04-15 20:21:04 [Back-end] info: GET /
2021-04-15 20:21:04 [Back-end] info: POST / 200 res: undefined 
2021-04-15 20:50:04 [Back-end] info: 2048 PORT - server
2021-04-15 20:50:04 [Back-end] info: GET /
2021-04-15 20:50:04 [Back-end] info: POST / 200 res: undefined 
2021-04-15 20:51:04 [Back-end] info: 2048 PORT - server
2021-04-15 20:51:04 [Back-end] info: GET /
2021-04-15 20:51:04 [Back-end] info: POST / 200 res: undefined 
2021-04-15 20:51:04 [Back-end] info: 2048 PORT - server
2021-04-15 20:51:04 [Back-end] info: GET /
2021-04-15 20:51:04 [Back-end] info: POST / 200 res: undefined 
2021-04-15 20:52:04 [Back-end] info: 2048 PORT - server
2021-04-15 20:52:04 [Back-end] info: GET /
2021-04-15 20:52:04 [Back-end] info: POST / 200 res: undefined 
2021-04-15 20:52:04 [Back-end] info: 2048 PORT - server
2021-04-15 20:52:04 [Back-end] info: GET /
2021-04-15 20:52:04 [Back-end] info: POST / 200 res: undefined 
2021-04-15 20:52:04 [Back-end] info: GET /
2021-04-15 20:52:04 [Back-end] info: POST / 200 res: undefined 
2021-04-15 20:53:04 [Back-end] info: 2048 PORT - server
2021-04-15 20:53:04 [Back-end] info: GET /
2021-04-15 20:53:04 [Back-end] info: POST / 200 res: undefined 
2021-04-15 20:54:04 [Back-end] info: 2048 PORT - server
2021-04-15 20:54:04 [Back-end] info: GET /
2021-04-15 20:54:04 [Back-end] info: POST / 200 res: true load python script
2021-04-15 20:54:04 [Back-end] info: 2048 PORT - server
2021-04-15 20:59:04 [Back-end] info: 2048 PORT - server
2021-04-15 20:59:04 [Back-end] info: GET /
2021-04-15 20:59:04 [Back-end] info: POST / 200 res: true load python script
2021-04-15 21:02:04 [Back-end] info: 2048 PORT - server
2021-04-15 21:17:04 [Back-end] info: 2048 PORT - server
2021-04-15 21:17:04 [Back-end] info: 2048 PORT - server
2021-04-15 21:17:04 [Back-end] info: 2048 PORT - server
2021-04-15 21:17:04 [Back-end] info: GET /
2021-04-15 21:17:04 [Back-end] info: 2048 PORT - server
2021-04-15 21:18:04 [Back-end] info: GET /
2021-04-15 21:18:04 [Back-end] info: 2048 PORT - server
2021-04-15 21:18:04 [Back-end] info: 2048 PORT - server
2021-04-15 21:18:04 [Back-end] info: GET /
2021-04-15 21:18:04 [Back-end] info: POST / 200 res: true load python script
2021-04-15 21:19:04 [Back-end] info: 2048 PORT - server
2021-04-15 21:19:04 [Back-end] info: 2048 PORT - server
2021-04-15 21:19:04 [Back-end] info: GET /
2021-04-15 21:19:04 [Back-end] info: POST / 200 res: true load python script
2021-04-15 21:19:04 [Back-end] info: GET /
2021-04-15 21:19:04 [Back-end] info: POST / 200 res: true load python script
2021-04-15 21:20:04 [Back-end] info: 2048 PORT - server
2021-04-15 21:20:04 [Back-end] info: GET /
2021-04-15 21:20:04 [Back-end] info: POST / 200 res: true load python script
2021-04-15 21:20:04 [Back-end] info: 2048 PORT - server
2021-04-15 21:20:04 [Back-end] info: GET /
2021-04-15 21:20:04 [Back-end] info: POST / 200 res: true load python script
2021-04-15 21:21:04 [Back-end] info: 2048 PORT - server
2021-04-15 21:21:04 [Back-end] info: GET /
2021-04-15 21:21:04 [Back-end] info: POST / 200 res: true load python script
2021-04-15 21:21:04 [Back-end] info: GET /
2021-04-15 21:21:04 [Back-end] info: POST / 200 res: true load python script
2021-04-15 21:21:04 [Back-end] info: 2048 PORT - server
2021-04-15 21:21:04 [Back-end] info: GET /
2021-04-15 21:21:04 [Back-end] info: POST / 200 res: true load python script
2021-04-15 21:21:04 [Back-end] info: 2048 PORT - server
2021-04-15 21:21:04 [Back-end] info: GET /
2021-04-15 21:21:04 [Back-end] info: POST / 200 res: true load python script
2021-04-15 21:22:04 [Back-end] info: 2048 PORT - server
2021-04-15 21:22:04 [Back-end] info: GET /
2021-04-15 21:22:04 [Back-end] info: POST / 200 res: true load python script
2021-04-15 21:22:04 [Back-end] info: 2048 PORT - server
2021-04-15 21:23:04 [Back-end] info: 2048 PORT - server
2021-04-15 21:23:04 [Back-end] info: GET /
2021-04-15 21:23:04 [Back-end] info: POST / 200 res: true load python script
2021-04-15 21:24:04 [Back-end] info: 2048 PORT - server
2021-04-15 21:24:04 [Back-end] info: GET /
2021-04-15 21:24:04 [Back-end] info: POST / 200 res: true load python script
2021-04-15 21:26:04 [Back-end] info: 2048 PORT - server
2021-04-15 21:26:04 [Back-end] info: GET /
2021-04-15 21:26:04 [Back-end] info: POST / 200 res: true load python script
2021-04-15 21:27:04 [Back-end] info: 2048 PORT - server
2021-04-15 21:27:04 [Back-end] info: GET /
2021-04-15 21:27:04 [Back-end] info: POST / 200 res: true load python script
2021-04-15 21:30:04 [Back-end] info: 2048 PORT - server
2021-04-15 21:30:04 [Back-end] info: 2048 PORT - server
2021-04-15 21:30:04 [Back-end] info: GET /
2021-04-15 21:30:04 [Back-end] info: POST / 200 res: true load python script
2021-04-15 21:30:04 [Back-end] info: GET /
2021-04-15 21:30:04 [Back-end] info: POST / 200 res: true load python script
2021-04-15 21:31:04 [Back-end] info: 2048 PORT - server
2021-04-15 21:31:04 [Back-end] info: GET /
2021-04-15 21:31:04 [Back-end] info: POST / 200 res: true load python script
2021-04-15 21:32:04 [Back-end] info: 2048 PORT - server
2021-04-15 21:32:04 [Back-end] info: GET /
2021-04-15 21:32:04 [Back-end] info: POST / 200 res: true load python script
2021-04-15 21:33:04 [Back-end] info: 2048 PORT - server
2021-04-15 21:33:04 [Back-end] info: GET /
2021-04-15 21:33:04 [Back-end] info: POST / 200 res: true load python script
2021-04-15 21:35:04 [Back-end] info: 2048 PORT - server
2021-04-15 21:35:04 [Back-end] info: GET /
2021-04-15 21:35:04 [Back-end] info: POST / 200 res: true load python script
2021-04-15 21:35:04 [Back-end] info: 2048 PORT - server
2021-04-15 21:35:04 [Back-end] info: GET /
2021-04-15 21:35:04 [Back-end] info: POST / 200 res: true load python script
2021-04-15 21:35:04 [Back-end] info: 2048 PORT - server
2021-04-15 21:35:04 [Back-end] info: GET /
2021-04-15 21:35:04 [Back-end] info: POST / 200 res: true load python script
2021-04-15 21:36:04 [Back-end] info: 2048 PORT - server
2021-04-15 21:36:04 [Back-end] info: GET /
2021-04-15 21:36:04 [Back-end] info: POST / 200 res: true load python script
2021-04-15 21:36:04 [Back-end] info: 2048 PORT - server
2021-04-15 21:36:04 [Back-end] info: GET /
2021-04-15 21:36:04 [Back-end] info: POST / 200 res: true load python script
2021-04-15 21:37:04 [Back-end] info: 2048 PORT - server
2021-04-15 21:37:04 [Back-end] info: GET /
2021-04-15 21:37:04 [Back-end] info: POST / 200 res: true load python script
2021-04-15 21:37:04 [Back-end] info: 2048 PORT - server
2021-04-15 21:37:04 [Back-end] info: 2048 PORT - server
2021-04-15 21:37:04 [Back-end] info: GET /
2021-04-15 21:37:04 [Back-end] info: POST / 200 res: true load python script
2021-04-15 21:37:04 [Back-end] info: 2048 PORT - server
2021-04-15 21:38:04 [Back-end] info: 2048 PORT - server
2021-04-15 21:38:04 [Back-end] info: GET /
2021-04-15 21:38:04 [Back-end] error: POST / 400 res: false TypeError: Cannot read property 'on' of undefined
2021-04-15 21:39:04 [Back-end] info: 2048 PORT - server
2021-04-15 21:39:04 [Back-end] info: GET /
2021-04-15 21:39:04 [Back-end] error: POST / 400 res: false TypeError: Cannot read property 'on' of undefined
2021-04-15 21:39:04 [Back-end] info: 2048 PORT - server
2021-04-15 21:39:04 [Back-end] info: GET /
2021-04-15 21:39:04 [Back-end] error: POST / 400 res: false TypeError: Cannot read property 'on' of undefined
2021-04-15 21:40:04 [Back-end] info: 2048 PORT - server
2021-04-15 21:40:04 [Back-end] info: GET /
2021-04-15 21:40:04 [Back-end] info: POST / 200 res: true load python script
2021-04-15 21:42:04 [Back-end] info: 2048 PORT - server
2021-04-15 21:42:04 [Back-end] info: GET /
2021-04-15 21:42:04 [Back-end] error: POST / 400 res: false Error: child exited with code 2
2021-04-15 21:44:04 [Back-end] info: 2048 PORT - server
2021-04-15 21:44:04 [Back-end] info: GET /
2021-04-15 21:44:04 [Back-end] error: POST / 400 res: false Error: spawn python ENOENT
2021-04-15 21:45:04 [Back-end] info: 2048 PORT - server
2021-04-15 21:45:04 [Back-end] info: GET /
2021-04-15 21:45:04 [Back-end] error: POST / 400 res: false Error: child exited with code 2
2021-04-15 21:49:04 [Back-end] info: 2048 PORT - server
2021-04-15 21:49:04 [Back-end] info: GET /
2021-04-15 21:49:04 [Back-end] info: POST / 200 res: true load python script
2021-04-15 21:49:04 [Back-end] info: 2048 PORT - server
2021-04-15 21:49:04 [Back-end] info: GET /
2021-04-15 21:49:04 [Back-end] info: POST / 200 res: true load python script
2021-04-15 21:49:04 [Back-end] info: 2048 PORT - server
2021-04-15 21:49:04 [Back-end] info: GET /
2021-04-15 21:49:04 [Back-end] error: POST / 400 res: false TypeError: Cannot read property 'on' of undefined
2021-04-15 21:49:04 [Back-end] info: 2048 PORT - server
2021-04-15 21:49:04 [Back-end] info: GET /
2021-04-15 21:49:04 [Back-end] info: POST / 200 res: true load python script
2021-04-15 21:54:04 [Back-end] info: 2048 PORT - server
2021-04-15 21:54:04 [Back-end] info: GET /
2021-04-15 21:54:04 [Back-end] info: POST / 200 res: true load python script
2021-04-15 21:54:04 [Back-end] info: 2048 PORT - server
2021-04-15 21:54:04 [Back-end] info: GET /
2021-04-15 21:54:04 [Back-end] info: POST / 200 res: true load python script
2021-04-15 21:56:04 [Back-end] info: 2048 PORT - server
2021-04-15 21:56:04 [Back-end] info: GET /
2021-04-15 21:56:04 [Back-end] info: POST / 200 res: true load python script
2021-04-15 21:56:04 [Back-end] info: 2048 PORT - server
2021-04-15 21:56:04 [Back-end] info: GET /
2021-04-15 21:58:04 [Back-end] info: 2048 PORT - server
2021-04-15 21:58:04 [Back-end] info: GET /
2021-04-15 21:58:04 [Back-end] info: POST / 200 res: true load python script
2021-04-15 21:58:04 [Back-end] info: 2048 PORT - server
2021-04-15 21:58:04 [Back-end] info: GET /
2021-04-16 01:45:05 [Back-end] info: 2048 PORT - server
2021-04-16 01:45:05 [Back-end] info: GET /
2021-04-16 01:45:05 [Back-end] info: POST / 200 res: true load python script
2021-04-16 01:46:05 [Back-end] info: 2048 PORT - server
2021-04-16 01:46:05 [Back-end] info: 2048 PORT - server
2021-04-16 01:46:05 [Back-end] info: GET /
2021-04-16 01:46:05 [Back-end] info: POST / 200 res: true load python script
2021-04-16 01:47:05 [Back-end] info: 2048 PORT - server
2021-04-16 01:47:05 [Back-end] info: GET /
2021-04-16 01:47:05 [Back-end] error: POST / 400 res: false Error: child exited with code 2
2021-04-16 01:49:05 [Back-end] info: GET /
2021-04-16 01:49:05 [Back-end] error: POST / 400 res: false Error: child exited with code 2
2021-04-16 01:49:05 [Back-end] info: 2048 PORT - server
2021-04-16 01:49:05 [Back-end] info: GET /
2021-04-16 01:49:05 [Back-end] error: POST / 400 res: false Error: spawn python ENOENT
2021-04-16 01:52:05 [Back-end] info: 2048 PORT - server
2021-04-16 01:52:05 [Back-end] info: GET /
2021-04-16 01:52:05 [Back-end] error: POST / 400 res: false Error: child exited with code 2
2021-04-16 01:53:05 [Back-end] info: GET /
2021-04-16 01:53:05 [Back-end] error: POST / 400 res: false Error: child exited with code 2
2021-04-16 01:58:05 [Back-end] info: 2048 PORT - server
2021-04-16 01:58:05 [Back-end] info: GET /
2021-04-16 01:58:05 [Back-end] error: POST / 400 res: false Error: child exited with code 2
2021-04-16 01:58:05 [Back-end] info: GET /
2021-04-16 01:58:05 [Back-end] error: POST / 400 res: false Error: child exited with code 2
2021-04-16 01:58:05 [Back-end] info: GET /
2021-04-16 01:58:05 [Back-end] error: POST / 400 res: false Error: child exited with code 2
2021-04-16 01:58:05 [Back-end] info: 2048 PORT - server
2021-04-16 01:58:05 [Back-end] info: GET /
2021-04-16 01:58:05 [Back-end] info: POST / 200 res: true load python script
2021-04-16 01:58:05 [Back-end] info: 2048 PORT - server
2021-04-16 01:58:05 [Back-end] info: GET /
2021-04-16 01:58:05 [Back-end] info: POST / 200 res: true load python script
2021-04-16 02:00:05 [Back-end] info: 2048 PORT - server
2021-04-16 02:00:05 [Back-end] info: GET /
2021-04-16 02:00:05 [Back-end] info: POST / 200 res: true load python script
2021-04-16 02:01:05 [Back-end] info: 2048 PORT - server
2021-04-16 02:01:05 [Back-end] info: GET /
2021-04-16 02:01:05 [Back-end] info: POST / 200 res: true load python script
2021-04-16 02:02:05 [Back-end] info: 2048 PORT - server
2021-04-16 02:02:05 [Back-end] info: GET /
2021-04-16 02:02:05 [Back-end] info: POST / 200 res: true load python script
2021-04-16 02:02:05 [Back-end] info: 2048 PORT - server
2021-04-16 02:05:05 [Back-end] info: 2048 PORT - server
2021-04-16 02:05:05 [Back-end] info: GET /
2021-04-16 02:05:05 [Back-end] info: POST / 200 res: true load python script
2021-04-16 02:07:05 [Back-end] info: 2048 PORT - server
2021-04-16 02:08:05 [Back-end] info: GET /
2021-04-16 02:08:05 [Back-end] info: POST / 200 res: true load python script
2021-04-16 02:08:05 [Back-end] info: GET /
2021-04-16 02:08:05 [Back-end] info: POST / 200 res: true load python script
2021-04-16 02:09:05 [Back-end] info: 2048 PORT - server
2021-04-16 02:09:05 [Back-end] info: GET /
2021-04-16 02:09:05 [Back-end] info: POST / 200 res: true load python script
2021-04-16 02:11:05 [Back-end] info: 2048 PORT - server
2021-04-16 02:11:05 [Back-end] info: 2048 PORT - server
2021-04-16 02:11:05 [Back-end] info: GET /
2021-04-16 02:11:05 [Back-end] info: POST / 200 res: true load python script
2021-04-16 02:12:05 [Back-end] info: 2048 PORT - server
2021-04-16 02:12:05 [Back-end] info: GET /
2021-04-16 02:12:05 [Back-end] info: POST / 200 res: true load python script
2021-04-16 02:12:05 [Back-end] info: 2048 PORT - server
2021-04-16 02:12:05 [Back-end] info: GET /
2021-04-16 02:12:05 [Back-end] info: POST / 200 res: true load python script
2021-04-16 02:13:05 [Back-end] info: 2048 PORT - server
2021-04-16 02:13:05 [Back-end] info: GET /
2021-04-16 02:13:05 [Back-end] info: POST / 200 res: true load python script
2021-04-16 02:14:05 [Back-end] info: 2048 PORT - server
2021-04-16 02:14:05 [Back-end] info: GET /
2021-04-16 02:14:05 [Back-end] info: POST / 200 res: true load python script
2021-04-16 02:15:05 [Back-end] info: 2048 PORT - server
2021-04-16 02:15:05 [Back-end] info: GET /
2021-04-16 02:15:05 [Back-end] info: POST / 200 res: true load python script
2021-04-16 02:16:05 [Back-end] info: 2048 PORT - server
2021-04-16 02:16:05 [Back-end] info: GET /
2021-04-16 02:16:05 [Back-end] error: POST / 400 res: false TypeError: Cannot read property 'on' of undefined
2021-04-16 02:16:05 [Back-end] info: 2048 PORT - server
2021-04-16 02:16:05 [Back-end] info: GET /
2021-04-16 02:16:05 [Back-end] error: POST / 400 res: false TypeError: Cannot read property 'on' of undefined
2021-04-16 02:16:05 [Back-end] info: 2048 PORT - server
2021-04-16 02:16:05 [Back-end] info: GET /
2021-04-16 02:16:05 [Back-end] info: POST / 200 res: true load python script
2021-04-16 02:19:05 [Back-end] info: 2048 PORT - server
2021-04-16 02:19:05 [Back-end] info: GET /
2021-04-16 02:19:05 [Back-end] error: POST / 400 res: false Error: child exited with code 2
2021-04-16 02:26:05 [Back-end] info: GET /
2021-04-16 02:26:05 [Back-end] error: POST / 400 res: false Error: child exited with code 2
2021-04-16 02:27:05 [Back-end] info: GET /
2021-04-16 02:27:05 [Back-end] error: POST / 400 res: false Error: child exited with code 2
2021-04-16 02:27:05 [Back-end] info: GET /
2021-04-16 02:27:05 [Back-end] error: POST / 400 res: false Error: child exited with code 2
2021-04-16 02:28:05 [Back-end] info: 2048 PORT - server
2021-04-16 02:28:05 [Back-end] info: GET /
2021-04-16 02:28:05 [Back-end] error: POST / 400 res: false Error: child exited with code 2
2021-04-16 15:12:05 [Back-end] info: 2048 PORT - server
2021-04-16 15:12:05 [Back-end] info: GET /
2021-04-16 15:12:05 [Back-end] error: POST / 400 res: false Error: child exited with code 2
2021-04-16 15:12:05 [Back-end] info: GET /
2021-04-16 15:12:05 [Back-end] error: POST / 400 res: false Error: child exited with code 2
2021-04-16 15:15:05 [Back-end] info: GET /
2021-04-16 15:15:05 [Back-end] error: POST / 400 res: false Error: child exited with code 2
2021-04-16 15:17:05 [Back-end] info: GET /
2021-04-16 15:17:05 [Back-end] error: POST / 400 res: false Error: child exited with code 2
2021-04-16 15:17:05 [Back-end] info: 2048 PORT - server
2021-04-16 15:17:05 [Back-end] info: 2048 PORT - server
2021-04-16 15:17:05 [Back-end] info: GET /
2021-04-16 15:17:05 [Back-end] error: POST / 400 res: false Error: child exited with code 2
2021-04-16 15:18:05 [Back-end] info: 2048 PORT - server
2021-04-16 15:18:05 [Back-end] info: GET /
2021-04-16 15:18:05 [Back-end] error: POST / 400 res: false Error: child exited with code 2
2021-04-16 15:31:05 [Back-end] info: 2048 PORT - server
2021-04-16 15:31:05 [Back-end] info: GET /
2021-04-16 15:31:05 [Back-end] error: POST / 400 res: false TypeError: Cannot read property 'run' of undefined
2021-04-16 15:32:05 [Back-end] info: 2048 PORT - server
2021-04-16 15:32:05 [Back-end] info: GET /
2021-04-16 15:32:05 [Back-end] error: POST / 400 res: false TypeError: Cannot read property 'run' of undefined
2021-04-16 15:33:05 [Back-end] info: 2048 PORT - server
2021-04-16 15:33:05 [Back-end] info: GET /
2021-04-16 15:33:05 [Back-end] info: POST / 200 res: true load python script
2021-04-16 15:34:05 [Back-end] info: 2048 PORT - server
2021-04-16 15:34:05 [Back-end] info: GET /
2021-04-16 15:34:05 [Back-end] info: POST / 200 res: true load python script
2021-04-16 15:34:05 [Back-end] info: GET /
2021-04-16 15:34:05 [Back-end] info: POST / 200 res: true load python script
2021-04-16 15:34:05 [Back-end] info: GET /
2021-04-16 15:34:05 [Back-end] info: POST / 200 res: true load python script
2021-04-16 15:35:05 [Back-end] info: 2048 PORT - server
2021-04-16 15:35:05 [Back-end] info: GET /
2021-04-16 15:35:05 [Back-end] info: POST / 200 res: true load python script
2021-04-16 15:38:05 [Back-end] info: 2048 PORT - server
2021-04-16 15:38:05 [Back-end] info: GET /
2021-04-16 15:39:05 [Back-end] info: 2048 PORT - server
2021-04-16 15:39:05 [Back-end] info: GET /
2021-04-16 15:42:05 [Back-end] info: 2048 PORT - server
2021-04-16 15:42:05 [Back-end] info: GET /
2021-04-16 15:50:05 [Back-end] info: 2048 PORT - server
2021-04-16 15:50:05 [Back-end] info: GET /
2021-04-16 15:51:05 [Back-end] info: 2048 PORT - server
2021-04-16 15:51:05 [Back-end] info: GET /
2021-04-16 15:51:05 [Back-end] info: 2048 PORT - server
2021-04-16 15:51:05 [Back-end] info: GET /
2021-04-16 15:51:05 [Back-end] info: 2048 PORT - server
2021-04-16 15:51:05 [Back-end] info: GET /
2021-04-16 16:17:05 [Back-end] info: 2048 PORT - server
2021-04-16 16:17:05 [Back-end] info: 2048 PORT - server
2021-04-16 16:17:05 [Back-end] info: GET /
2021-04-16 16:17:05 [Back-end] info: POST / 200 res: true load python script
2021-04-16 16:17:05 [Back-end] info: 2048 PORT - server
2021-04-16 16:17:05 [Back-end] info: GET /
2021-04-16 16:17:05 [Back-end] info: POST / 200 res: true load python script
2021-04-16 16:18:05 [Back-end] info: 2048 PORT - server
2021-04-16 16:25:05 [Back-end] info: 2048 PORT - server
2021-04-16 16:25:05 [Back-end] info: GET /
2021-04-16 16:25:05 [Back-end] info: POST / 200 res: true load python script
2021-04-16 16:27:05 [Back-end] info: 2048 PORT - server
2021-04-16 16:27:05 [Back-end] info: GET /
2021-04-16 16:27:05 [Back-end] info: POST / 200 res: true load python script
2021-04-16 16:27:05 [Back-end] info: 2048 PORT - server
2021-04-16 16:27:05 [Back-end] info: GET /
2021-04-16 16:27:05 [Back-end] info: POST / 200 res: true load python script
2021-04-16 16:27:05 [Back-end] info: 2048 PORT - server
2021-04-16 16:27:05 [Back-end] info: GET /
2021-04-16 16:28:05 [Back-end] info: 2048 PORT - server
2021-04-16 16:28:05 [Back-end] info: GET /
2021-04-16 16:28:05 [Back-end] info: POST / 200 res: true load python script
2021-04-16 16:30:05 [Back-end] info: 2048 PORT - server
2021-04-16 16:30:05 [Back-end] info: GET /
2021-04-16 16:30:05 [Back-end] info: POST / 200 res: true load python script
2021-04-16 16:31:05 [Back-end] info: GET /
2021-04-16 16:31:05 [Back-end] info: POST / 200 res: true load python script
2021-04-16 16:32:05 [Back-end] info: 2048 PORT - server
2021-04-16 16:32:05 [Back-end] info: GET /
2021-04-16 16:32:05 [Back-end] info: POST / 200 res: true load python script
2021-04-16 16:33:05 [Back-end] info: 2048 PORT - server
2021-04-16 16:33:05 [Back-end] info: GET /
2021-04-16 16:33:05 [Back-end] info: POST / 200 res: true load python script
2021-04-16 16:34:05 [Back-end] info: 2048 PORT - server
2021-04-16 16:34:05 [Back-end] info: GET /
2021-04-16 16:34:05 [Back-end] info: POST / 200 res: true load python script
2021-04-16 16:35:05 [Back-end] info: GET /
2021-04-16 16:39:05 [Back-end] info: GET /
2021-04-16 16:39:05 [Back-end] info: GET /
2021-04-16 16:40:05 [Back-end] info: GET /
2021-04-16 16:40:05 [Back-end] info: POST / 200 res: true load python script
2021-04-16 16:40:05 [Back-end] info: GET /
2021-04-16 16:41:05 [Back-end] info: GET /
2021-04-16 16:41:05 [Back-end] info: POST / 200 res: true load python script
2021-04-16 16:42:05 [Back-end] info: GET /
2021-04-16 16:44:05 [Back-end] info: 2048 PORT - server
2021-04-16 16:44:05 [Back-end] info: GET /
2021-04-16 16:49:05 [Back-end] info: 2048 PORT - server
2021-04-16 16:49:05 [Back-end] info: GET /
2021-04-16 16:49:05 [Back-end] info: POST / 200 res: true load python script
2021-04-16 16:49:05 [Back-end] info: 2048 PORT - server
2021-04-16 16:49:05 [Back-end] info: GET /
2021-04-16 16:49:05 [Back-end] info: POST / 200 res: true load python script
2021-04-16 16:51:05 [Back-end] info: GET /
2021-04-16 16:51:05 [Back-end] info: POST / 200 res: true load python script
2021-04-16 16:52:05 [Back-end] info: 2048 PORT - server
2021-04-16 16:52:05 [Back-end] info: GET /
2021-04-16 16:52:05 [Back-end] info: POST / 200 res: true load python script
2021-04-16 16:52:05 [Back-end] info: 2048 PORT - server
2021-04-16 16:52:05 [Back-end] info: GET /
2021-04-16 16:52:05 [Back-end] info: POST / 200 res: true load python script
2021-04-16 16:52:05 [Back-end] info: 2048 PORT - server
2021-04-16 16:52:05 [Back-end] info: GET /
2021-04-16 16:52:05 [Back-end] info: POST / 200 res: true load python script
2021-04-16 16:54:05 [Back-end] info: 2048 PORT - server
2021-04-16 16:54:05 [Back-end] info: GET /
2021-04-16 16:54:05 [Back-end] info: POST / 200 res: true load python script
2021-04-16 16:55:05 [Back-end] info: 2048 PORT - server
2021-04-16 16:55:05 [Back-end] info: GET /
2021-04-16 16:55:05 [Back-end] info: POST / 200 res: true load python script
2021-04-16 17:00:05 [Back-end] info: 2048 PORT - server
2021-04-16 17:00:05 [Back-end] info: GET /
2021-04-16 17:00:05 [Back-end] info: POST / 200 res: true load python script
2021-04-16 17:02:05 [Back-end] info: 2048 PORT - server
2021-04-16 17:03:05 [Back-end] info: GET /
2021-04-16 17:03:05 [Back-end] info: POST / 200 res: true load python script
2021-04-16 17:10:05 [Back-end] info: 2049 PORT - server
2021-04-16 17:10:05 [Back-end] info: 2049 PORT - server
2021-04-16 17:11:05 [Back-end] info: 2048 PORT - server
2021-04-16 17:11:05 [Back-end] info: GET /
2021-04-16 17:11:05 [Back-end] info: POST / 200 res: true load python script
2021-04-16 17:12:05 [Back-end] info: 2048 PORT - server
2021-04-16 17:12:05 [Back-end] info: GET /
2021-04-16 17:12:05 [Back-end] info: POST / 200 res: true load python script
2021-04-16 17:13:05 [Back-end] info: 2048 PORT - server
2021-04-16 17:13:05 [Back-end] info: GET /
2021-04-16 17:13:05 [Back-end] info: POST / 200 res: true load python script
2021-04-16 17:14:05 [Back-end] info: GET /
2021-04-16 17:14:05 [Back-end] info: POST / 200 res: true load python script
2021-04-16 17:15:05 [Back-end] info: 2048 PORT - server
2021-04-16 17:15:05 [Back-end] info: GET /
2021-04-16 17:15:05 [Back-end] info: POST / 200 res: true load python script
2021-04-16 17:17:05 [Back-end] info: 2048 PORT - server
2021-04-16 17:17:05 [Back-end] info: GET /
2021-04-16 17:17:05 [Back-end] info: POST / 200 res: true load python script
2021-04-16 17:17:05 [Back-end] info: 2048 PORT - server
2021-04-16 17:17:05 [Back-end] info: GET /
2021-04-16 17:17:05 [Back-end] info: POST / 200 res: true load python script
2021-04-16 17:18:05 [Back-end] info: 2048 PORT - server
2021-04-16 17:18:05 [Back-end] info: GET /
2021-04-16 17:18:05 [Back-end] info: POST / 200 res: true load python script
2021-04-16 17:19:05 [Back-end] info: 2048 PORT - server
2021-04-16 17:19:05 [Back-end] info: GET /
2021-04-16 17:19:05 [Back-end] info: POST / 200 res: true load python script
2021-04-16 17:19:05 [Back-end] info: 2048 PORT - server
2021-04-16 17:19:05 [Back-end] info: GET /
2021-04-16 17:19:05 [Back-end] info: 2048 PORT - server
2021-04-16 17:19:05 [Back-end] info: GET /
2021-04-16 17:19:05 [Back-end] info: POST / 200 res: true load python script
2021-04-16 17:21:05 [Back-end] info: 2048 PORT - server
2021-04-16 17:21:05 [Back-end] info: GET /
2021-04-16 17:21:05 [Back-end] info: POST / 200 res: true load python script
2021-04-16 17:21:05 [Back-end] info: 2048 PORT - server
2021-04-16 17:21:05 [Back-end] info: GET /
2021-04-16 17:21:05 [Back-end] info: POST / 200 res: true load python script
2021-04-16 17:29:05 [Back-end] info: 2048 PORT - server
2021-04-16 17:29:05 [Back-end] info: GET /
2021-04-16 17:29:05 [Back-end] info: POST / 200 res: true load python script
2021-04-16 17:30:05 [Back-end] info: GET /
2021-04-16 17:32:05 [Back-end] info: 2048 PORT - server
2021-04-16 17:32:05 [Back-end] info: GET /
2021-04-16 17:32:05 [Back-end] info: POST / 200 res: true load python script
2021-04-16 17:32:05 [Back-end] info: 2048 PORT - server
2021-04-16 17:32:05 [Back-end] info: GET /
2021-04-16 17:32:05 [Back-end] info: POST / 200 res: true load python script
2021-04-16 17:34:05 [Back-end] info: 2048 PORT - server
2021-04-16 17:34:05 [Back-end] info: GET /
2021-04-16 17:34:05 [Back-end] info: POST / 200 res: true load python script
2021-04-16 17:34:05 [Back-end] info: 2048 PORT - server
2021-04-16 17:34:05 [Back-end] info: GET /
2021-04-16 17:34:05 [Back-end] info: POST / 200 res: true load python script
2021-04-16 17:35:05 [Back-end] info: 2048 PORT - server
2021-04-16 17:35:05 [Back-end] info: GET /
2021-04-16 17:35:05 [Back-end] info: POST / 200 res: true load python script
2021-04-16 17:51:05 [Back-end] info: 2048 PORT - server
2021-04-16 17:51:05 [Back-end] info: GET /
2021-04-16 17:51:05 [Back-end] info: POST / 200 res: true load python script
2021-04-16 18:00:05 [Back-end] info: 2048 PORT - server
2021-04-16 18:00:05 [Back-end] info: GET /
2021-04-16 18:00:05 [Back-end] info: POST / 200 res: true load python script
2021-04-16 18:00:05 [Back-end] info: 2048 PORT - server
2021-04-16 18:00:05 [Back-end] info: GET /
2021-04-16 18:00:05 [Back-end] info: POST / 200 res: true load python script
2021-04-16 18:02:05 [Back-end] info: 2048 PORT - server
2021-04-16 18:02:05 [Back-end] info: GET /
2021-04-16 18:02:05 [Back-end] info: POST / 200 res: true load python script
2021-04-16 18:03:05 [Back-end] info: 2048 PORT - server
2021-04-16 18:03:05 [Back-end] info: GET /
2021-04-16 18:03:05 [Back-end] info: POST / 200 res: true load python script
2021-04-16 18:03:05 [Back-end] info: 2048 PORT - server
2021-04-16 18:03:05 [Back-end] info: GET /
2021-04-16 18:03:05 [Back-end] error: POST / 400 res: false ReferenceError: str is not defined
2021-04-16 18:08:05 [Back-end] info: 2048 PORT - server
2021-04-16 18:09:05 [Back-end] info: GET /
2021-04-16 18:09:05 [Back-end] info: POST / 200 res: true load python script
2021-04-16 18:09:05 [Back-end] info: 2048 PORT - server
2021-04-16 18:09:05 [Back-end] info: GET /
2021-04-16 18:09:05 [Back-end] info: POST / 200 res: true load python script
2021-04-16 18:17:05 [Back-end] info: 2048 PORT - server
2021-04-16 18:20:05 [Back-end] info: 2048 PORT - server
2021-04-16 18:22:05 [Back-end] info: 2048 PORT - server
2021-04-16 18:23:05 [Back-end] info: 2048 PORT - server
2021-04-16 18:23:05 [Back-end] info: GET /
2021-04-16 18:23:05 [Back-end] error: POST / 400 res: false ReferenceError: str is not defined
2021-04-16 18:23:05 [Back-end] info: 2048 PORT - server
2021-04-16 18:23:05 [Back-end] info: GET /
2021-04-16 18:23:05 [Back-end] error: POST / 400 res: false ReferenceError: str is not defined
2021-04-16 19:07:05 [Back-end] info: 2048 PORT - server
2021-04-16 19:08:05 [Back-end] info: 2048 PORT - server
2021-04-16 19:08:05 [Back-end] info: GET /
2021-04-16 19:08:05 [Back-end] error: POST / 400 res: false ReferenceError: str is not defined
2021-04-16 19:40:05 [Back-end] info: 2048 PORT - server
2021-04-16 19:40:05 [Back-end] info: GET /
2021-04-16 19:40:05 [Back-end] error: POST / 400 res: false ReferenceError: str is not defined
2021-04-16 19:40:05 [Back-end] info: GET /
2021-04-16 19:40:05 [Back-end] error: POST / 400 res: false ReferenceError: str is not defined
2021-04-16 19:41:05 [Back-end] info: 2048 PORT - server
2021-04-16 19:41:05 [Back-end] info: GET /
2021-04-16 19:41:05 [Back-end] error: POST / 400 res: false ReferenceError: options is not defined
2021-04-16 19:41:05 [Back-end] info: GET /
2021-04-16 19:41:05 [Back-end] error: POST / 400 res: false ReferenceError: options is not defined
2021-04-16 19:41:05 [Back-end] info: 2048 PORT - server
2021-04-16 19:41:05 [Back-end] info: GET /
2021-04-16 19:41:05 [Back-end] error: POST / 400 res: false ReferenceError: options is not defined
2021-04-16 19:41:05 [Back-end] info: 2048 PORT - server
2021-04-16 19:42:05 [Back-end] info: GET /
2021-04-16 19:42:05 [Back-end] error: POST / 400 res: false ReferenceError: options is not defined
2021-04-16 19:42:05 [Back-end] info: 2048 PORT - server
2021-04-16 19:42:05 [Back-end] info: GET /
2021-04-16 19:42:05 [Back-end] info: POST / 200 res: true load python script
2021-04-16 19:43:05 [Back-end] info: 2048 PORT - server
2021-04-16 19:43:05 [Back-end] info: GET /
2021-04-16 19:43:05 [Back-end] info: POST / 200 res: true load python script
2021-04-19 14:45:01 [Back-end] info: 2048 PORT - server
2021-04-19 14:45:01 [Back-end] info: GET /
2021-04-19 14:45:01 [Back-end] info: POST / 200 res: true load python script
2021-04-19 15:13:01 [Back-end] info: 2048 PORT - server
2021-04-19 15:16:01 [Back-end] info: GET /
2021-04-19 15:16:01 [Back-end] info: POST / 200 res: true load python script
2021-04-19 15:36:01 [Back-end] info: 2048 PORT - server
2021-04-19 15:36:01 [Back-end] info: GET /
2021-04-19 15:36:01 [Back-end] info: POST / 200 res: true load python script
2021-04-19 15:36:01 [Back-end] info: GET /
2021-04-19 15:36:01 [Back-end] info: POST / 200 res: true load python script
2021-04-19 15:36:01 [Back-end] info: 2048 PORT - server
2021-04-19 15:36:01 [Back-end] info: GET /
2021-04-19 15:36:01 [Back-end] info: POST / 200 res: true load python script
2021-04-19 15:46:01 [Back-end] info: 2048 PORT - server
2021-04-19 15:46:01 [Back-end] info: GET /
2021-04-19 15:46:01 [Back-end] info: POST / 200 res: true load python script
2021-04-19 15:46:01 [Back-end] info: GET /
2021-04-19 15:46:01 [Back-end] info: POST / 200 res: true load python script
2021-04-19 15:47:01 [Back-end] info: 2048 PORT - server
2021-04-19 15:48:01 [Back-end] info: 2048 PORT - server
2021-04-19 15:48:01 [Back-end] info: GET /
2021-04-19 15:48:01 [Back-end] info: POST / 200 res: true load python script
2021-04-19 17:28:01 [Back-end] info: 2048 PORT - server
2021-04-19 17:29:01 [Back-end] info: GET /
2021-04-19 17:29:01 [Back-end] info: POST / 200 res: true load python script
2021-04-19 17:34:01 [Back-end] info: GET /
2021-04-19 17:34:01 [Back-end] info: POST / 200 res: true load python script
2021-04-19 17:34:01 [Back-end] info: GET /
2021-04-19 17:35:01 [Back-end] info: POST / 200 res: true load python script
2021-04-19 17:39:01 [Back-end] info: GET /
2021-04-19 17:39:01 [Back-end] info: POST / 200 res: true load python script
2021-04-19 17:39:01 [Back-end] info: 2048 PORT - server
2021-04-19 17:39:01 [Back-end] info: GET /
2021-04-19 17:39:01 [Back-end] info: POST / 200 res: true load python script
